2.00378e-05
2.00105e-05
1.9732e-05
2.00387e-05
2.00439e-05
2.00441e-05
2.00438e-05
2.00494e-05
2.0044e-05
2.00495e-05
2.00495e-05
2.00444e-05
2.00515e-05
2.00526e-05
2.00528e-05
5.02422e-05
0.000642884
0.00327413
0.00453669
0.0056538
0.00559542
0.00529273
0.00991248
0.0086658
0.00837328
0.0128127
0.00712644
0.0107237
0.00908563
0.00996534
0.00870547
0.00557782
0.00210253
0.000864195
0.000295871
5.04231e-05
1.60753e-05
1.81695e-05
1.87611e-05
1.9988e-05
1.97323e-05
2.00386e-05
2.00439e-05
2.00495e-05
1.9749e-05
2.00398e-05
2.00524e-05
2.00524e-05
