2.00494e-05
2.00495e-05
2.00495e-05
2.00499e-05
2.00503e-05
2.00514e-05
2.00525e-05
2.00528e-05
2.00528e-05
2.00528e-05
2.00528e-05
2.00528e-05
2.00528e-05
2.00528e-05
2.00528e-05
6.42906e-05
0.000735491
0.00439334
0.00618281
0.00698107
0.00872126
0.0103995
0.0116095
0.0124019
0.0129458
0.0130844
0.0128676
0.0123329
0.0114406
0.0102489
0.00872425
0.00699322
0.00333344
0.000543445
0.0003285
5.72607e-05
1.30242e-05
1.59423e-05
1.67939e-05
1.90325e-05
1.87926e-05
1.90717e-05
1.97177e-05
2.00032e-05
2.00207e-05
2.00325e-05
1.9743e-05
2.00385e-05
