1.97715e-06
2.55061e-06
2.40546e-06
2.89579e-06
2.1323e-06
3.04014e-06
2.50467e-06
7.59006e-06
6.40329e-06
8.02391e-06
7.48316e-06
7.29895e-06
9.42653e-06
8.61291e-06
1.54852e-05
5.1166e-05
0.000441909
0.00129168
0.00272029
0.00196348
0.00270053
0.00495275
0.00436066
0.0097883
0.00528661
0.0118337
0.0140405
0.0102554
0.0119268
0.00881755
0.0072645
0.00636712
0.00288628
0.000718014
0.000363637
5.17958e-05
1.39823e-05
1.61088e-05
1.77017e-05
1.67493e-05
1.89273e-05
1.95788e-05
1.93335e-05
1.87939e-05
2.00206e-05
2.0021e-05
2.00266e-05
1.9726e-05
