1.31188e-05
1.44441e-05
1.50851e-05
1.64783e-05
1.84173e-05
1.96822e-05
2.00002e-05
2.00383e-05
2.00502e-05
2.00521e-05
2.00527e-05
2.00528e-05
2.00528e-05
2.00528e-05
2.00528e-05
6.45916e-05
0.000427513
0.00325926
0.00558816
0.00747508
0.00919763
0.0107514
0.011957
0.0128841
0.0134112
0.0136172
0.013475
0.0129901
0.012095
0.0108632
0.0094899
0.00754631
0.00541555
0.000775886
0.000509941
0.000124512
1.64819e-05
1.06964e-05
1.42656e-05
1.83052e-05
1.96541e-05
1.94148e-05
1.94368e-05
1.97318e-05
2.0044e-05
2.0045e-05
2.00517e-05
2.00527e-05
