1.37326e-05
1.44127e-05
1.46081e-05
1.41014e-05
1.69812e-05
1.62003e-05
1.77386e-05
1.90139e-05
1.96489e-05
1.8746e-05
1.90469e-05
1.84564e-05
1.96598e-05
1.92866e-05
1.97764e-05
7.77624e-05
0.000885327
0.00358095
0.00562134
0.00601762
0.00660024
0.00823323
0.00953587
0.0101011
0.0130323
0.010303
0.0103614
0.00802516
0.00920059
0.0120742
0.00982618
0.00769554
0.00539737
0.000594889
0.000400608
8.44168e-05
4.50533e-06
9.4134e-07
3.58088e-06
4.45965e-06
7.72887e-06
1.0246e-05
1.02779e-05
1.43665e-05
1.57085e-05
1.67395e-05
1.73079e-05
1.679e-05
