1.36964e-06
2.30544e-06
3.39111e-06
3.98675e-06
5.20704e-06
5.69103e-06
8.16933e-06
8.45802e-06
9.9174e-06
1.16214e-05
1.22788e-05
1.36941e-05
1.32143e-05
1.17541e-05
1.65596e-05
9.25149e-05
0.000994042
0.00401833
0.00579012
0.00767879
0.00950059
0.0110608
0.0123355
0.0132993
0.0138997
0.0140788
0.0139876
0.0135632
0.0127091
0.0115794
0.0101255
0.00840912
0.00535014
0.000624677
0.000486303
0.000188184
2.206e-05
0
0
0
5.54056e-09
9.246e-07
1.26988e-06
4.50732e-07
1.60372e-06
1.27963e-06
4.18778e-06
5.08379e-06
