1.28013e-05
1.49123e-05
1.4817e-05
1.52023e-05
1.58095e-05
1.24171e-05
1.34969e-05
1.46172e-05
1.42166e-05
1.5158e-05
1.21772e-05
1.45452e-05
1.50012e-05
1.40321e-05
2.79364e-05
0.000193947
0.00144674
0.00396913
0.00618279
0.00744464
0.00949261
0.00867168
0.0105987
0.012894
0.0135263
0.0144425
0.0148244
0.0109616
0.0114856
0.0110026
0.010741
0.00869637
0.00595422
0.000596953
0.000498906
0.000311113
4.3873e-05
0
0
0
0
5.53969e-09
5.53969e-09
2.76984e-08
3.17377e-07
1.0021e-06
1.33068e-06
1.43049e-06
