3.11861e-07
6.34794e-07
3.34026e-07
3.87839e-08
1.66217e-08
3.28494e-07
9.9103e-07
2.20537e-06
2.01557e-06
1.00094e-06
2.34949e-06
3.09e-06
5.76995e-06
1.94027e-05
0.000197565
0.000895398
0.00257469
0.00309992
0.00557009
0.00540521
0.00581993
0.00514081
0.00810265
0.00853397
0.00795832
0.00630646
0.00722823
0.00545139
0.00643908
0.00958918
0.00591717
0.00356123
0.00319545
0.00239098
0.00222886
0.00145934
0.000395971
2.45075e-05
3.22947e-07
4.28224e-07
2.05974e-06
1.92133e-06
2.07652e-06
1.39168e-06
1.99925e-06
1.97656e-06
1.46384e-06
3.31748e-06
