5.54143e-09
6.62644e-07
1.77049e-06
1.39153e-06
3.28557e-06
4.07014e-06
5.31787e-06
7.26151e-06
7.31692e-06
7.02188e-06
6.95485e-06
6.77618e-06
1.22991e-05
0.000173327
0.00143571
0.00302885
0.00532067
0.00884699
0.0114148
0.0135242
0.0154589
0.0187114
0.018014
0.0187931
0.0216037
0.0214155
0.0194367
0.0201093
0.0193849
0.0161111
0.0154096
0.0137398
0.0115289
0.00918942
0.00669955
0.00424483
0.00191588
0.000205216
2.92246e-06
0
0
0
1.10794e-08
3.39582e-07
6.95849e-07
1.38623e-06
2.60074e-06
1.16853e-06
