6.95798e-07
1.65925e-06
6.95834e-07
1.26975e-06
1.62051e-06
4.11668e-07
1.94917e-06
3.24124e-06
1.91458e-06
4.90038e-06
5.2569e-06
6.47135e-06
7.22819e-06
4.42716e-05
0.00053929
0.00135385
0.00299751
0.00684294
0.00894792
0.00609728
0.00834106
0.0141494
0.017803
0.0188241
0.0194119
0.0196065
0.0194145
0.0188736
0.0179347
0.0166579
0.0150911
0.0132967
0.0110623
0.00881428
0.0063276
0.0024624
0.00150607
7.98466e-05
9.35212e-07
5.53969e-09
3.22906e-07
5.54004e-08
9.6882e-07
1.66465e-06
3.44042e-06
5.93645e-06
8.10137e-06
1.03844e-05
