2.57304e-06
2.69495e-06
4.22691e-06
4.00364e-06
3.37978e-06
3.29665e-06
2.61737e-06
1.03e-06
4.44927e-07
6.4049e-07
3.3964e-07
1.66243e-08
0
0
0
6.43447e-05
0.000337915
0.000585478
0.000753168
0.00142379
0.00206505
0.00489655
0.00487895
0.00256044
0.00184805
0.00181909
0.00176474
0.000984512
0.000748972
0.000500193
0.000528928
0.00048362
0.000365501
0.000342171
0.000121141
1.89206e-05
1.28098e-06
4.2303e-07
1.96553e-06
3.0346e-06
5.27354e-06
4.79929e-06
6.03621e-06
9.09959e-06
8.66994e-06
7.7951e-06
9.1869e-06
1.09129e-05
