1.94365e-05
2.00439e-05
1.97486e-05
2.00439e-05
1.97485e-05
2.00442e-05
2.00495e-05
2.00495e-05
2.00494e-05
2.00494e-05
2.00494e-05
2.00494e-05
2.00497e-05
2.00385e-05
2.00328e-05
3.19625e-05
0.000265479
0.000712019
0.00161275
0.00253197
0.00307597
0.00395295
0.00519951
0.00488797
0.00517062
0.00666389
0.00737673
0.00770916
0.00831699
0.00582294
0.00365947
0.00252603
0.00195321
0.00119529
0.000408189
3.28064e-05
7.63967e-06
8.56858e-06
1.29858e-05
1.48679e-05
1.34695e-05
1.72232e-05
1.90384e-05
1.9066e-05
2.00202e-05
2.00438e-05
2.00328e-05
2.00494e-05
