1.7975e-05
1.89833e-05
1.81211e-05
1.7865e-05
1.99494e-05
1.87792e-05
1.90635e-05
1.91135e-05
1.97044e-05
1.94145e-05
1.97374e-05
2.00106e-05
2.00439e-05
1.97375e-05
2.04113e-05
7.45045e-05
0.000814668
0.00305286
0.00580804
0.0076307
0.00939223
0.0109456
0.0121893
0.0131534
0.0136896
0.0138702
0.0137993
0.0133395
0.0125188
0.0112842
0.00983091
0.00814407
0.00581456
0.000524054
0.000412309
0.000129898
9.56188e-06
0
1.1082e-08
1.10829e-08
1.03027e-06
1.95444e-06
4.76211e-06
3.27869e-06
6.89416e-06
5.183e-06
8.03499e-06
5.30679e-06
