3.0635e-07
1.10811e-08
5.54056e-09
0
5.54056e-09
1.66226e-08
3.28547e-07
3.2855e-07
5.54143e-09
3.45176e-07
6.62654e-07
1.28652e-06
2.60075e-06
2.94039e-06
1.19943e-05
9.45718e-05
0.00112812
0.00181961
0.0042095
0.00767147
0.00896959
0.0116433
0.012918
0.0114293
0.012102
0.011896
0.0145483
0.0140029
0.0134319
0.01239
0.0105227
0.00870952
0.00575613
0.00114333
0.00100037
0.000373384
2.51485e-05
5.54056e-09
9.24671e-07
7.45776e-07
4.8009e-06
3.59062e-06
5.44506e-06
9.48248e-06
1.20846e-05
1.15882e-05
1.01501e-05
1.35983e-05
