2.00525e-05
2.00527e-05
2.00526e-05
2.00528e-05
2.00528e-05
2.00528e-05
2.00528e-05
2.00528e-05
2.00528e-05
2.00528e-05
2.00528e-05
2.00528e-05
2.00528e-05
2.00528e-05
2.01361e-05
7.54987e-05
0.000741645
0.00382554
0.00570466
0.0074768
0.00900514
0.0107086
0.0119763
0.0128805
0.0134196
0.0136322
0.0135065
0.0129959
0.0121528
0.0110127
0.00954839
0.007841
0.00562859
0.000523877
0.000395947
0.000114477
1.05284e-05
1.10829e-08
1.40315e-06
3.91471e-06
3.59589e-06
6.89809e-06
9.44923e-06
1.03956e-05
1.39767e-05
1.61384e-05
1.56361e-05
1.66717e-05
