2.00502e-05
2.00439e-05
2.00217e-05
1.97376e-05
1.99995e-05
1.99996e-05
1.90969e-05
1.94087e-05
1.96428e-05
1.74637e-05
1.71621e-05
1.75857e-05
1.54353e-05
1.47614e-05
1.49846e-05
3.61467e-05
0.000457054
0.000641493
0.00125711
0.00283068
0.00327446
0.00307851
0.00373489
0.00549729
0.00753283
0.0100597
0.0121419
0.0113048
0.0100002
0.00985152
0.0079966
0.00642717
0.00202585
0.000767687
0.00031049
4.04447e-05
3.50722e-07
1.10829e-08
1.66512e-07
2.51734e-06
2.0323e-06
1.10203e-06
7.62397e-07
1.04663e-06
2.58412e-06
2.01013e-06
1.33085e-06
9.91212e-07
