2.00386e-05
2.00443e-05
2.00496e-05
2.00494e-05
2.00496e-05
2.00494e-05
2.00384e-05
2.00438e-05
2.00494e-05
1.97438e-05
2.00511e-05
2.00511e-05
2.00513e-05
2.00509e-05
2.00504e-05
7.97527e-05
0.000696586
0.0033204
0.00508514
0.00550271
0.00600193
0.00843148
0.0104595
0.010666
0.0103148
0.0102676
0.00957218
0.00826448
0.00693277
0.00565931
0.00525119
0.00485796
0.00267108
0.00118807
0.00045799
1.48323e-05
5.54056e-09
2.21622e-08
1.29756e-06
6.68183e-07
1.33639e-06
2.86835e-06
2.01567e-06
1.7428e-06
1.63143e-06
2.31098e-06
3.29111e-06
5.20704e-06
