2.00526e-05
2.00527e-05
2.00528e-05
2.00472e-05
2.00528e-05
2.00523e-05
2.00523e-05
2.00512e-05
2.00523e-05
2.00524e-05
2.00525e-05
2.00527e-05
2.00528e-05
2.00528e-05
2.00528e-05
6.41583e-05
0.000678012
0.00401057
0.00554139
0.00685029
0.00834959
0.0102591
0.0114003
0.0124562
0.0129346
0.0130788
0.0128692
0.0122214
0.0112541
0.010085
0.00866241
0.00658483
0.00183715
0.000494138
0.000270817
3.92342e-05
6.75428e-06
1.39269e-05
1.8248e-05
1.90109e-05
2.00096e-05
2.00384e-05
2.00497e-05
2.00441e-05
2.00495e-05
2.00496e-05
1.97491e-05
2.00449e-05
